[2016-05-09 08:02:01] production.ERROR: exception 'PDOException' with message 'SQLSTATE[3D000]: Invalid catalog name: 1046 No database selected' in C:\xampp\htdocs\inventory\invoice_pro\vendor\laravel\framework\src\Illuminate\Database\Connection.php:299
Stack trace:
#0 C:\xampp\htdocs\inventory\invoice_pro\vendor\laravel\framework\src\Illuminate\Database\Connection.php(299): PDO->prepare('select * from `...')
#1 C:\xampp\htdocs\inventory\invoice_pro\vendor\laravel\framework\src\Illuminate\Database\Connection.php(617): Illuminate\Database\Connection->Illuminate\Database\{closure}(Object(Illuminate\Database\MySqlConnection), 'select * from `...', Array)
#2 C:\xampp\htdocs\inventory\invoice_pro\vendor\laravel\framework\src\Illuminate\Database\Connection.php(581): Illuminate\Database\Connection->runQueryCallback('select * from `...', Array, Object(Closure))
#3 C:\xampp\htdocs\inventory\invoice_pro\vendor\laravel\framework\src\Illuminate\Database\Connection.php(304): Illuminate\Database\Connection->run('select * from `...', Array, Object(Closure))
#4 C:\xampp\htdocs\inventory\invoice_pro\vendor\laravel\framework\src\Illuminate\Database\Query\Builder.php(1359): Illuminate\Database\Connection->select('select * from `...', Array)
#5 C:\xampp\htdocs\inventory\invoice_pro\vendor\laravel\framework\src\Illuminate\Database\Query\Builder.php(1349): Illuminate\Database\Query\Builder->runSelect()
#6 C:\xampp\htdocs\inventory\invoice_pro\vendor\laravel\framework\src\Illuminate\Database\Query\Builder.php(1336): Illuminate\Database\Query\Builder->getFresh(Array)
#7 C:\xampp\htdocs\inventory\invoice_pro\vendor\laravel\framework\src\Illuminate\Database\Query\Builder.php(1321): Illuminate\Database\Query\Builder->get(Array)
#8 C:\xampp\htdocs\inventory\invoice_pro\app\models\Update.php(11): Illuminate\Database\Query\Builder->first()
#9 C:\xampp\htdocs\inventory\invoice_pro\app\routes.php(15): Update->runUpdate()
#10 C:\xampp\htdocs\inventory\invoice_pro\vendor\laravel\framework\src\Illuminate\Foundation\start.php(269): require('C:\\xampp\\htdocs...')
#11 [internal function]: {closure}(Object(Illuminate\Foundation\Application))
#12 C:\xampp\htdocs\inventory\invoice_pro\vendor\laravel\framework\src\Illuminate\Foundation\Application.php(830): call_user_func(Object(Closure), Object(Illuminate\Foundation\Application))
#13 C:\xampp\htdocs\inventory\invoice_pro\vendor\laravel\framework\src\Illuminate\Foundation\Application.php(604): Illuminate\Foundation\Application->fireAppCallbacks(Array)
#14 C:\xampp\htdocs\inventory\invoice_pro\vendor\laravel\framework\src\Illuminate\Foundation\Application.php(587): Illuminate\Foundation\Application->bootApplication()
#15 C:\xampp\htdocs\inventory\invoice_pro\vendor\laravel\framework\src\Illuminate\Foundation\Application.php(743): Illuminate\Foundation\Application->boot()
#16 C:\xampp\htdocs\inventory\invoice_pro\vendor\laravel\framework\src\Illuminate\Session\Middleware.php(72): Illuminate\Foundation\Application->handle(Object(Illuminate\Http\Request), 1, true)
#17 C:\xampp\htdocs\inventory\invoice_pro\vendor\laravel\framework\src\Illuminate\Cookie\Queue.php(47): Illuminate\Session\Middleware->handle(Object(Illuminate\Http\Request), 1, true)
#18 C:\xampp\htdocs\inventory\invoice_pro\vendor\laravel\framework\src\Illuminate\Cookie\Guard.php(51): Illuminate\Cookie\Queue->handle(Object(Illuminate\Http\Request), 1, true)
#19 C:\xampp\htdocs\inventory\invoice_pro\vendor\stack\builder\src\Stack\StackedHttpKernel.php(23): Illuminate\Cookie\Guard->handle(Object(Illuminate\Http\Request), 1, true)
#20 C:\xampp\htdocs\inventory\invoice_pro\vendor\laravel\framework\src\Illuminate\Foundation\Application.php(641): Stack\StackedHttpKernel->handle(Object(Illuminate\Http\Request))
#21 C:\xampp\htdocs\inventory\invoice_pro\index.php(49): Illuminate\Foundation\Application->run()
#22 {main}

Next exception 'Illuminate\Database\QueryException' with message 'SQLSTATE[3D000]: Invalid catalog name: 1046 No database selected (SQL: select * from `generals` limit 1)' in C:\xampp\htdocs\inventory\invoice_pro\vendor\laravel\framework\src\Illuminate\Database\Connection.php:625
Stack trace:
#0 C:\xampp\htdocs\inventory\invoice_pro\vendor\laravel\framework\src\Illuminate\Database\Connection.php(581): Illuminate\Database\Connection->runQueryCallback('select * from `...', Array, Object(Closure))
#1 C:\xampp\htdocs\inventory\invoice_pro\vendor\laravel\framework\src\Illuminate\Database\Connection.php(304): Illuminate\Database\Connection->run('select * from `...', Array, Object(Closure))
#2 C:\xampp\htdocs\inventory\invoice_pro\vendor\laravel\framework\src\Illuminate\Database\Query\Builder.php(1359): Illuminate\Database\Connection->select('select * from `...', Array)
#3 C:\xampp\htdocs\inventory\invoice_pro\vendor\laravel\framework\src\Illuminate\Database\Query\Builder.php(1349): Illuminate\Database\Query\Builder->runSelect()
#4 C:\xampp\htdocs\inventory\invoice_pro\vendor\laravel\framework\src\Illuminate\Database\Query\Builder.php(1336): Illuminate\Database\Query\Builder->getFresh(Array)
#5 C:\xampp\htdocs\inventory\invoice_pro\vendor\laravel\framework\src\Illuminate\Database\Query\Builder.php(1321): Illuminate\Database\Query\Builder->get(Array)
#6 C:\xampp\htdocs\inventory\invoice_pro\app\models\Update.php(11): Illuminate\Database\Query\Builder->first()
#7 C:\xampp\htdocs\inventory\invoice_pro\app\routes.php(15): Update->runUpdate()
#8 C:\xampp\htdocs\inventory\invoice_pro\vendor\laravel\framework\src\Illuminate\Foundation\start.php(269): require('C:\\xampp\\htdocs...')
#9 [internal function]: {closure}(Object(Illuminate\Foundation\Application))
#10 C:\xampp\htdocs\inventory\invoice_pro\vendor\laravel\framework\src\Illuminate\Foundation\Application.php(830): call_user_func(Object(Closure), Object(Illuminate\Foundation\Application))
#11 C:\xampp\htdocs\inventory\invoice_pro\vendor\laravel\framework\src\Illuminate\Foundation\Application.php(604): Illuminate\Foundation\Application->fireAppCallbacks(Array)
#12 C:\xampp\htdocs\inventory\invoice_pro\vendor\laravel\framework\src\Illuminate\Foundation\Application.php(587): Illuminate\Foundation\Application->bootApplication()
#13 C:\xampp\htdocs\inventory\invoice_pro\vendor\laravel\framework\src\Illuminate\Foundation\Application.php(743): Illuminate\Foundation\Application->boot()
#14 C:\xampp\htdocs\inventory\invoice_pro\vendor\laravel\framework\src\Illuminate\Session\Middleware.php(72): Illuminate\Foundation\Application->handle(Object(Illuminate\Http\Request), 1, true)
#15 C:\xampp\htdocs\inventory\invoice_pro\vendor\laravel\framework\src\Illuminate\Cookie\Queue.php(47): Illuminate\Session\Middleware->handle(Object(Illuminate\Http\Request), 1, true)
#16 C:\xampp\htdocs\inventory\invoice_pro\vendor\laravel\framework\src\Illuminate\Cookie\Guard.php(51): Illuminate\Cookie\Queue->handle(Object(Illuminate\Http\Request), 1, true)
#17 C:\xampp\htdocs\inventory\invoice_pro\vendor\stack\builder\src\Stack\StackedHttpKernel.php(23): Illuminate\Cookie\Guard->handle(Object(Illuminate\Http\Request), 1, true)
#18 C:\xampp\htdocs\inventory\invoice_pro\vendor\laravel\framework\src\Illuminate\Foundation\Application.php(641): Stack\StackedHttpKernel->handle(Object(Illuminate\Http\Request))
#19 C:\xampp\htdocs\inventory\invoice_pro\index.php(49): Illuminate\Foundation\Application->run()
#20 {main} [] []
[2016-05-09 09:10:31] production.ERROR: exception 'PDOException' with message 'SQLSTATE[3D000]: Invalid catalog name: 1046 No database selected' in C:\xampp\htdocs\inventory\invoice_pro\vendor\laravel\framework\src\Illuminate\Database\Connection.php:299
Stack trace:
#0 C:\xampp\htdocs\inventory\invoice_pro\vendor\laravel\framework\src\Illuminate\Database\Connection.php(299): PDO->prepare('select * from `...')
#1 C:\xampp\htdocs\inventory\invoice_pro\vendor\laravel\framework\src\Illuminate\Database\Connection.php(617): Illuminate\Database\Connection->Illuminate\Database\{closure}(Object(Illuminate\Database\MySqlConnection), 'select * from `...', Array)
#2 C:\xampp\htdocs\inventory\invoice_pro\vendor\laravel\framework\src\Illuminate\Database\Connection.php(581): Illuminate\Database\Connection->runQueryCallback('select * from `...', Array, Object(Closure))
#3 C:\xampp\htdocs\inventory\invoice_pro\vendor\laravel\framework\src\Illuminate\Database\Connection.php(304): Illuminate\Database\Connection->run('select * from `...', Array, Object(Closure))
#4 C:\xampp\htdocs\inventory\invoice_pro\vendor\laravel\framework\src\Illuminate\Database\Query\Builder.php(1359): Illuminate\Database\Connection->select('select * from `...', Array)
#5 C:\xampp\htdocs\inventory\invoice_pro\vendor\laravel\framework\src\Illuminate\Database\Query\Builder.php(1349): Illuminate\Database\Query\Builder->runSelect()
#6 C:\xampp\htdocs\inventory\invoice_pro\vendor\laravel\framework\src\Illuminate\Database\Query\Builder.php(1336): Illuminate\Database\Query\Builder->getFresh(Array)
#7 C:\xampp\htdocs\inventory\invoice_pro\vendor\laravel\framework\src\Illuminate\Database\Query\Builder.php(1321): Illuminate\Database\Query\Builder->get(Array)
#8 C:\xampp\htdocs\inventory\invoice_pro\app\models\Update.php(11): Illuminate\Database\Query\Builder->first()
#9 C:\xampp\htdocs\inventory\invoice_pro\app\routes.php(15): Update->runUpdate()
#10 C:\xampp\htdocs\inventory\invoice_pro\vendor\laravel\framework\src\Illuminate\Foundation\start.php(269): require('C:\\xampp\\htdocs...')
#11 [internal function]: {closure}(Object(Illuminate\Foundation\Application))
#12 C:\xampp\htdocs\inventory\invoice_pro\vendor\laravel\framework\src\Illuminate\Foundation\Application.php(830): call_user_func(Object(Closure), Object(Illuminate\Foundation\Application))
#13 C:\xampp\htdocs\inventory\invoice_pro\vendor\laravel\framework\src\Illuminate\Foundation\Application.php(604): Illuminate\Foundation\Application->fireAppCallbacks(Array)
#14 C:\xampp\htdocs\inventory\invoice_pro\vendor\laravel\framework\src\Illuminate\Foundation\Application.php(587): Illuminate\Foundation\Application->bootApplication()
#15 C:\xampp\htdocs\inventory\invoice_pro\vendor\laravel\framework\src\Illuminate\Foundation\Application.php(743): Illuminate\Foundation\Application->boot()
#16 C:\xampp\htdocs\inventory\invoice_pro\vendor\laravel\framework\src\Illuminate\Session\Middleware.php(72): Illuminate\Foundation\Application->handle(Object(Illuminate\Http\Request), 1, true)
#17 C:\xampp\htdocs\inventory\invoice_pro\vendor\laravel\framework\src\Illuminate\Cookie\Queue.php(47): Illuminate\Session\Middleware->handle(Object(Illuminate\Http\Request), 1, true)
#18 C:\xampp\htdocs\inventory\invoice_pro\vendor\laravel\framework\src\Illuminate\Cookie\Guard.php(51): Illuminate\Cookie\Queue->handle(Object(Illuminate\Http\Request), 1, true)
#19 C:\xampp\htdocs\inventory\invoice_pro\vendor\stack\builder\src\Stack\StackedHttpKernel.php(23): Illuminate\Cookie\Guard->handle(Object(Illuminate\Http\Request), 1, true)
#20 C:\xampp\htdocs\inventory\invoice_pro\vendor\laravel\framework\src\Illuminate\Foundation\Application.php(641): Stack\StackedHttpKernel->handle(Object(Illuminate\Http\Request))
#21 C:\xampp\htdocs\inventory\invoice_pro\index.php(49): Illuminate\Foundation\Application->run()
#22 {main}

Next exception 'Illuminate\Database\QueryException' with message 'SQLSTATE[3D000]: Invalid catalog name: 1046 No database selected (SQL: select * from `generals` limit 1)' in C:\xampp\htdocs\inventory\invoice_pro\vendor\laravel\framework\src\Illuminate\Database\Connection.php:625
Stack trace:
#0 C:\xampp\htdocs\inventory\invoice_pro\vendor\laravel\framework\src\Illuminate\Database\Connection.php(581): Illuminate\Database\Connection->runQueryCallback('select * from `...', Array, Object(Closure))
#1 C:\xampp\htdocs\inventory\invoice_pro\vendor\laravel\framework\src\Illuminate\Database\Connection.php(304): Illuminate\Database\Connection->run('select * from `...', Array, Object(Closure))
#2 C:\xampp\htdocs\inventory\invoice_pro\vendor\laravel\framework\src\Illuminate\Database\Query\Builder.php(1359): Illuminate\Database\Connection->select('select * from `...', Array)
#3 C:\xampp\htdocs\inventory\invoice_pro\vendor\laravel\framework\src\Illuminate\Database\Query\Builder.php(1349): Illuminate\Database\Query\Builder->runSelect()
#4 C:\xampp\htdocs\inventory\invoice_pro\vendor\laravel\framework\src\Illuminate\Database\Query\Builder.php(1336): Illuminate\Database\Query\Builder->getFresh(Array)
#5 C:\xampp\htdocs\inventory\invoice_pro\vendor\laravel\framework\src\Illuminate\Database\Query\Builder.php(1321): Illuminate\Database\Query\Builder->get(Array)
#6 C:\xampp\htdocs\inventory\invoice_pro\app\models\Update.php(11): Illuminate\Database\Query\Builder->first()
#7 C:\xampp\htdocs\inventory\invoice_pro\app\routes.php(15): Update->runUpdate()
#8 C:\xampp\htdocs\inventory\invoice_pro\vendor\laravel\framework\src\Illuminate\Foundation\start.php(269): require('C:\\xampp\\htdocs...')
#9 [internal function]: {closure}(Object(Illuminate\Foundation\Application))
#10 C:\xampp\htdocs\inventory\invoice_pro\vendor\laravel\framework\src\Illuminate\Foundation\Application.php(830): call_user_func(Object(Closure), Object(Illuminate\Foundation\Application))
#11 C:\xampp\htdocs\inventory\invoice_pro\vendor\laravel\framework\src\Illuminate\Foundation\Application.php(604): Illuminate\Foundation\Application->fireAppCallbacks(Array)
#12 C:\xampp\htdocs\inventory\invoice_pro\vendor\laravel\framework\src\Illuminate\Foundation\Application.php(587): Illuminate\Foundation\Application->bootApplication()
#13 C:\xampp\htdocs\inventory\invoice_pro\vendor\laravel\framework\src\Illuminate\Foundation\Application.php(743): Illuminate\Foundation\Application->boot()
#14 C:\xampp\htdocs\inventory\invoice_pro\vendor\laravel\framework\src\Illuminate\Session\Middleware.php(72): Illuminate\Foundation\Application->handle(Object(Illuminate\Http\Request), 1, true)
#15 C:\xampp\htdocs\inventory\invoice_pro\vendor\laravel\framework\src\Illuminate\Cookie\Queue.php(47): Illuminate\Session\Middleware->handle(Object(Illuminate\Http\Request), 1, true)
#16 C:\xampp\htdocs\inventory\invoice_pro\vendor\laravel\framework\src\Illuminate\Cookie\Guard.php(51): Illuminate\Cookie\Queue->handle(Object(Illuminate\Http\Request), 1, true)
#17 C:\xampp\htdocs\inventory\invoice_pro\vendor\stack\builder\src\Stack\StackedHttpKernel.php(23): Illuminate\Cookie\Guard->handle(Object(Illuminate\Http\Request), 1, true)
#18 C:\xampp\htdocs\inventory\invoice_pro\vendor\laravel\framework\src\Illuminate\Foundation\Application.php(641): Stack\StackedHttpKernel->handle(Object(Illuminate\Http\Request))
#19 C:\xampp\htdocs\inventory\invoice_pro\index.php(49): Illuminate\Foundation\Application->run()
#20 {main} [] []
[2016-05-09 09:13:04] production.ERROR: exception 'PDOException' with message 'SQLSTATE[42S02]: Base table or view not found: 1146 Table 'inv-pro.generals' doesn't exist' in C:\xampp\htdocs\inventory\invoice_pro\vendor\laravel\framework\src\Illuminate\Database\Connection.php:299
Stack trace:
#0 C:\xampp\htdocs\inventory\invoice_pro\vendor\laravel\framework\src\Illuminate\Database\Connection.php(299): PDO->prepare('select * from `...')
#1 C:\xampp\htdocs\inventory\invoice_pro\vendor\laravel\framework\src\Illuminate\Database\Connection.php(617): Illuminate\Database\Connection->Illuminate\Database\{closure}(Object(Illuminate\Database\MySqlConnection), 'select * from `...', Array)
#2 C:\xampp\htdocs\inventory\invoice_pro\vendor\laravel\framework\src\Illuminate\Database\Connection.php(581): Illuminate\Database\Connection->runQueryCallback('select * from `...', Array, Object(Closure))
#3 C:\xampp\htdocs\inventory\invoice_pro\vendor\laravel\framework\src\Illuminate\Database\Connection.php(304): Illuminate\Database\Connection->run('select * from `...', Array, Object(Closure))
#4 C:\xampp\htdocs\inventory\invoice_pro\vendor\laravel\framework\src\Illuminate\Database\Query\Builder.php(1359): Illuminate\Database\Connection->select('select * from `...', Array)
#5 C:\xampp\htdocs\inventory\invoice_pro\vendor\laravel\framework\src\Illuminate\Database\Query\Builder.php(1349): Illuminate\Database\Query\Builder->runSelect()
#6 C:\xampp\htdocs\inventory\invoice_pro\vendor\laravel\framework\src\Illuminate\Database\Query\Builder.php(1336): Illuminate\Database\Query\Builder->getFresh(Array)
#7 C:\xampp\htdocs\inventory\invoice_pro\vendor\laravel\framework\src\Illuminate\Database\Query\Builder.php(1321): Illuminate\Database\Query\Builder->get(Array)
#8 C:\xampp\htdocs\inventory\invoice_pro\app\models\Update.php(11): Illuminate\Database\Query\Builder->first()
#9 C:\xampp\htdocs\inventory\invoice_pro\app\routes.php(15): Update->runUpdate()
#10 C:\xampp\htdocs\inventory\invoice_pro\vendor\laravel\framework\src\Illuminate\Foundation\start.php(269): require('C:\\xampp\\htdocs...')
#11 [internal function]: {closure}(Object(Illuminate\Foundation\Application))
#12 C:\xampp\htdocs\inventory\invoice_pro\vendor\laravel\framework\src\Illuminate\Foundation\Application.php(830): call_user_func(Object(Closure), Object(Illuminate\Foundation\Application))
#13 C:\xampp\htdocs\inventory\invoice_pro\vendor\laravel\framework\src\Illuminate\Foundation\Application.php(604): Illuminate\Foundation\Application->fireAppCallbacks(Array)
#14 C:\xampp\htdocs\inventory\invoice_pro\vendor\laravel\framework\src\Illuminate\Foundation\Application.php(587): Illuminate\Foundation\Application->bootApplication()
#15 C:\xampp\htdocs\inventory\invoice_pro\vendor\laravel\framework\src\Illuminate\Foundation\Application.php(743): Illuminate\Foundation\Application->boot()
#16 C:\xampp\htdocs\inventory\invoice_pro\vendor\laravel\framework\src\Illuminate\Session\Middleware.php(72): Illuminate\Foundation\Application->handle(Object(Illuminate\Http\Request), 1, true)
#17 C:\xampp\htdocs\inventory\invoice_pro\vendor\laravel\framework\src\Illuminate\Cookie\Queue.php(47): Illuminate\Session\Middleware->handle(Object(Illuminate\Http\Request), 1, true)
#18 C:\xampp\htdocs\inventory\invoice_pro\vendor\laravel\framework\src\Illuminate\Cookie\Guard.php(51): Illuminate\Cookie\Queue->handle(Object(Illuminate\Http\Request), 1, true)
#19 C:\xampp\htdocs\inventory\invoice_pro\vendor\stack\builder\src\Stack\StackedHttpKernel.php(23): Illuminate\Cookie\Guard->handle(Object(Illuminate\Http\Request), 1, true)
#20 C:\xampp\htdocs\inventory\invoice_pro\vendor\laravel\framework\src\Illuminate\Foundation\Application.php(641): Stack\StackedHttpKernel->handle(Object(Illuminate\Http\Request))
#21 C:\xampp\htdocs\inventory\invoice_pro\index.php(49): Illuminate\Foundation\Application->run()
#22 {main}

Next exception 'Illuminate\Database\QueryException' with message 'SQLSTATE[42S02]: Base table or view not found: 1146 Table 'inv-pro.generals' doesn't exist (SQL: select * from `generals` limit 1)' in C:\xampp\htdocs\inventory\invoice_pro\vendor\laravel\framework\src\Illuminate\Database\Connection.php:625
Stack trace:
#0 C:\xampp\htdocs\inventory\invoice_pro\vendor\laravel\framework\src\Illuminate\Database\Connection.php(581): Illuminate\Database\Connection->runQueryCallback('select * from `...', Array, Object(Closure))
#1 C:\xampp\htdocs\inventory\invoice_pro\vendor\laravel\framework\src\Illuminate\Database\Connection.php(304): Illuminate\Database\Connection->run('select * from `...', Array, Object(Closure))
#2 C:\xampp\htdocs\inventory\invoice_pro\vendor\laravel\framework\src\Illuminate\Database\Query\Builder.php(1359): Illuminate\Database\Connection->select('select * from `...', Array)
#3 C:\xampp\htdocs\inventory\invoice_pro\vendor\laravel\framework\src\Illuminate\Database\Query\Builder.php(1349): Illuminate\Database\Query\Builder->runSelect()
#4 C:\xampp\htdocs\inventory\invoice_pro\vendor\laravel\framework\src\Illuminate\Database\Query\Builder.php(1336): Illuminate\Database\Query\Builder->getFresh(Array)
#5 C:\xampp\htdocs\inventory\invoice_pro\vendor\laravel\framework\src\Illuminate\Database\Query\Builder.php(1321): Illuminate\Database\Query\Builder->get(Array)
#6 C:\xampp\htdocs\inventory\invoice_pro\app\models\Update.php(11): Illuminate\Database\Query\Builder->first()
#7 C:\xampp\htdocs\inventory\invoice_pro\app\routes.php(15): Update->runUpdate()
#8 C:\xampp\htdocs\inventory\invoice_pro\vendor\laravel\framework\src\Illuminate\Foundation\start.php(269): require('C:\\xampp\\htdocs...')
#9 [internal function]: {closure}(Object(Illuminate\Foundation\Application))
#10 C:\xampp\htdocs\inventory\invoice_pro\vendor\laravel\framework\src\Illuminate\Foundation\Application.php(830): call_user_func(Object(Closure), Object(Illuminate\Foundation\Application))
#11 C:\xampp\htdocs\inventory\invoice_pro\vendor\laravel\framework\src\Illuminate\Foundation\Application.php(604): Illuminate\Foundation\Application->fireAppCallbacks(Array)
#12 C:\xampp\htdocs\inventory\invoice_pro\vendor\laravel\framework\src\Illuminate\Foundation\Application.php(587): Illuminate\Foundation\Application->bootApplication()
#13 C:\xampp\htdocs\inventory\invoice_pro\vendor\laravel\framework\src\Illuminate\Foundation\Application.php(743): Illuminate\Foundation\Application->boot()
#14 C:\xampp\htdocs\inventory\invoice_pro\vendor\laravel\framework\src\Illuminate\Session\Middleware.php(72): Illuminate\Foundation\Application->handle(Object(Illuminate\Http\Request), 1, true)
#15 C:\xampp\htdocs\inventory\invoice_pro\vendor\laravel\framework\src\Illuminate\Cookie\Queue.php(47): Illuminate\Session\Middleware->handle(Object(Illuminate\Http\Request), 1, true)
#16 C:\xampp\htdocs\inventory\invoice_pro\vendor\laravel\framework\src\Illuminate\Cookie\Guard.php(51): Illuminate\Cookie\Queue->handle(Object(Illuminate\Http\Request), 1, true)
#17 C:\xampp\htdocs\inventory\invoice_pro\vendor\stack\builder\src\Stack\StackedHttpKernel.php(23): Illuminate\Cookie\Guard->handle(Object(Illuminate\Http\Request), 1, true)
#18 C:\xampp\htdocs\inventory\invoice_pro\vendor\laravel\framework\src\Illuminate\Foundation\Application.php(641): Stack\StackedHttpKernel->handle(Object(Illuminate\Http\Request))
#19 C:\xampp\htdocs\inventory\invoice_pro\index.php(49): Illuminate\Foundation\Application->run()
#20 {main} [] []
[2016-05-09 09:13:57] production.ERROR: exception 'PDOException' with message 'SQLSTATE[42S02]: Base table or view not found: 1146 Table 'inv-pro.user_settings' doesn't exist' in C:\xampp\htdocs\inventory\invoice_pro\vendor\laravel\framework\src\Illuminate\Database\Connection.php:299
Stack trace:
#0 C:\xampp\htdocs\inventory\invoice_pro\vendor\laravel\framework\src\Illuminate\Database\Connection.php(299): PDO->prepare('select `languag...')
#1 C:\xampp\htdocs\inventory\invoice_pro\vendor\laravel\framework\src\Illuminate\Database\Connection.php(617): Illuminate\Database\Connection->Illuminate\Database\{closure}(Object(Illuminate\Database\MySqlConnection), 'select `languag...', Array)
#2 C:\xampp\htdocs\inventory\invoice_pro\vendor\laravel\framework\src\Illuminate\Database\Connection.php(581): Illuminate\Database\Connection->runQueryCallback('select `languag...', Array, Object(Closure))
#3 C:\xampp\htdocs\inventory\invoice_pro\vendor\laravel\framework\src\Illuminate\Database\Connection.php(304): Illuminate\Database\Connection->run('select `languag...', Array, Object(Closure))
#4 C:\xampp\htdocs\inventory\invoice_pro\vendor\laravel\framework\src\Illuminate\Database\Query\Builder.php(1359): Illuminate\Database\Connection->select('select `languag...', Array)
#5 C:\xampp\htdocs\inventory\invoice_pro\vendor\laravel\framework\src\Illuminate\Database\Query\Builder.php(1349): Illuminate\Database\Query\Builder->runSelect()
#6 C:\xampp\htdocs\inventory\invoice_pro\vendor\laravel\framework\src\Illuminate\Database\Query\Builder.php(1336): Illuminate\Database\Query\Builder->getFresh(Array)
#7 C:\xampp\htdocs\inventory\invoice_pro\vendor\laravel\framework\src\Illuminate\Database\Query\Builder.php(1321): Illuminate\Database\Query\Builder->get(Array)
#8 C:\xampp\htdocs\inventory\invoice_pro\app\models\UserSetting.php(45): Illuminate\Database\Query\Builder->first()
#9 C:\xampp\htdocs\inventory\invoice_pro\app\routes.php(19): UserSetting->defaultLanguage()
#10 C:\xampp\htdocs\inventory\invoice_pro\vendor\laravel\framework\src\Illuminate\Foundation\start.php(269): require('C:\\xampp\\htdocs...')
#11 [internal function]: {closure}(Object(Illuminate\Foundation\Application))
#12 C:\xampp\htdocs\inventory\invoice_pro\vendor\laravel\framework\src\Illuminate\Foundation\Application.php(830): call_user_func(Object(Closure), Object(Illuminate\Foundation\Application))
#13 C:\xampp\htdocs\inventory\invoice_pro\vendor\laravel\framework\src\Illuminate\Foundation\Application.php(604): Illuminate\Foundation\Application->fireAppCallbacks(Array)
#14 C:\xampp\htdocs\inventory\invoice_pro\vendor\laravel\framework\src\Illuminate\Foundation\Application.php(587): Illuminate\Foundation\Application->bootApplication()
#15 C:\xampp\htdocs\inventory\invoice_pro\vendor\laravel\framework\src\Illuminate\Foundation\Application.php(743): Illuminate\Foundation\Application->boot()
#16 C:\xampp\htdocs\inventory\invoice_pro\vendor\laravel\framework\src\Illuminate\Session\Middleware.php(72): Illuminate\Foundation\Application->handle(Object(Illuminate\Http\Request), 1, true)
#17 C:\xampp\htdocs\inventory\invoice_pro\vendor\laravel\framework\src\Illuminate\Cookie\Queue.php(47): Illuminate\Session\Middleware->handle(Object(Illuminate\Http\Request), 1, true)
#18 C:\xampp\htdocs\inventory\invoice_pro\vendor\laravel\framework\src\Illuminate\Cookie\Guard.php(51): Illuminate\Cookie\Queue->handle(Object(Illuminate\Http\Request), 1, true)
#19 C:\xampp\htdocs\inventory\invoice_pro\vendor\stack\builder\src\Stack\StackedHttpKernel.php(23): Illuminate\Cookie\Guard->handle(Object(Illuminate\Http\Request), 1, true)
#20 C:\xampp\htdocs\inventory\invoice_pro\vendor\laravel\framework\src\Illuminate\Foundation\Application.php(641): Stack\StackedHttpKernel->handle(Object(Illuminate\Http\Request))
#21 C:\xampp\htdocs\inventory\invoice_pro\index.php(49): Illuminate\Foundation\Application->run()
#22 {main}

Next exception 'Illuminate\Database\QueryException' with message 'SQLSTATE[42S02]: Base table or view not found: 1146 Table 'inv-pro.user_settings' doesn't exist (SQL: select `languages`.`id`, `languages`.`name`, `languages`.`short` from `user_settings` inner join `languages` on `languages`.`id` = `user_settings`.`language_id` where `user_settings`.`user_id` = 1 limit 1)' in C:\xampp\htdocs\inventory\invoice_pro\vendor\laravel\framework\src\Illuminate\Database\Connection.php:625
Stack trace:
#0 C:\xampp\htdocs\inventory\invoice_pro\vendor\laravel\framework\src\Illuminate\Database\Connection.php(581): Illuminate\Database\Connection->runQueryCallback('select `languag...', Array, Object(Closure))
#1 C:\xampp\htdocs\inventory\invoice_pro\vendor\laravel\framework\src\Illuminate\Database\Connection.php(304): Illuminate\Database\Connection->run('select `languag...', Array, Object(Closure))
#2 C:\xampp\htdocs\inventory\invoice_pro\vendor\laravel\framework\src\Illuminate\Database\Query\Builder.php(1359): Illuminate\Database\Connection->select('select `languag...', Array)
#3 C:\xampp\htdocs\inventory\invoice_pro\vendor\laravel\framework\src\Illuminate\Database\Query\Builder.php(1349): Illuminate\Database\Query\Builder->runSelect()
#4 C:\xampp\htdocs\inventory\invoice_pro\vendor\laravel\framework\src\Illuminate\Database\Query\Builder.php(1336): Illuminate\Database\Query\Builder->getFresh(Array)
#5 C:\xampp\htdocs\inventory\invoice_pro\vendor\laravel\framework\src\Illuminate\Database\Query\Builder.php(1321): Illuminate\Database\Query\Builder->get(Array)
#6 C:\xampp\htdocs\inventory\invoice_pro\app\models\UserSetting.php(45): Illuminate\Database\Query\Builder->first()
#7 C:\xampp\htdocs\inventory\invoice_pro\app\routes.php(19): UserSetting->defaultLanguage()
#8 C:\xampp\htdocs\inventory\invoice_pro\vendor\laravel\framework\src\Illuminate\Foundation\start.php(269): require('C:\\xampp\\htdocs...')
#9 [internal function]: {closure}(Object(Illuminate\Foundation\Application))
#10 C:\xampp\htdocs\inventory\invoice_pro\vendor\laravel\framework\src\Illuminate\Foundation\Application.php(830): call_user_func(Object(Closure), Object(Illuminate\Foundation\Application))
#11 C:\xampp\htdocs\inventory\invoice_pro\vendor\laravel\framework\src\Illuminate\Foundation\Application.php(604): Illuminate\Foundation\Application->fireAppCallbacks(Array)
#12 C:\xampp\htdocs\inventory\invoice_pro\vendor\laravel\framework\src\Illuminate\Foundation\Application.php(587): Illuminate\Foundation\Application->bootApplication()
#13 C:\xampp\htdocs\inventory\invoice_pro\vendor\laravel\framework\src\Illuminate\Foundation\Application.php(743): Illuminate\Foundation\Application->boot()
#14 C:\xampp\htdocs\inventory\invoice_pro\vendor\laravel\framework\src\Illuminate\Session\Middleware.php(72): Illuminate\Foundation\Application->handle(Object(Illuminate\Http\Request), 1, true)
#15 C:\xampp\htdocs\inventory\invoice_pro\vendor\laravel\framework\src\Illuminate\Cookie\Queue.php(47): Illuminate\Session\Middleware->handle(Object(Illuminate\Http\Request), 1, true)
#16 C:\xampp\htdocs\inventory\invoice_pro\vendor\laravel\framework\src\Illuminate\Cookie\Guard.php(51): Illuminate\Cookie\Queue->handle(Object(Illuminate\Http\Request), 1, true)
#17 C:\xampp\htdocs\inventory\invoice_pro\vendor\stack\builder\src\Stack\StackedHttpKernel.php(23): Illuminate\Cookie\Guard->handle(Object(Illuminate\Http\Request), 1, true)
#18 C:\xampp\htdocs\inventory\invoice_pro\vendor\laravel\framework\src\Illuminate\Foundation\Application.php(641): Stack\StackedHttpKernel->handle(Object(Illuminate\Http\Request))
#19 C:\xampp\htdocs\inventory\invoice_pro\index.php(49): Illuminate\Foundation\Application->run()
#20 {main} [] []
